<?xml version="1.0"?>
<!DOCTYPE coverage SYSTEM "http://cobertura.sourceforge.net/xml/coverage-04.dtd">

<coverage line-rate="1.0" branch-rate="1.0" lines-covered="9" lines-valid="9" branches-covered="4" branches-valid="4" complexity="3.0" version="2.1.1" timestamp="1711103330813">
	<sources>
		<source>--source</source>
		<source>C:/Users/86182/Desktop/softwaretesting/untitled2/src/main/java</source>
	</sources>
	<packages>
		<package name="com.lab2" line-rate="1.0" branch-rate="1.0" complexity="3.0">
			<classes>
				<class name="com.lab2.MaxSplit" filename="com/lab2/MaxSplit.java" line-rate="1.0" branch-rate="1.0" complexity="3.0">
					<methods>
						<method name="&lt;init&gt;" signature="()V" line-rate="1.0" branch-rate="1.0" complexity="0">
							<lines>
								<line number="2" hits="55" branch="false"/>
							</lines>
						</method>
						<method name="maxProduct" signature="(I)I" line-rate="1.0" branch-rate="1.0" complexity="0">
							<lines>
								<line number="5" hits="55" branch="false"/>
								<line number="6" hits="55" branch="false"/>
								<line number="7" hits="55" branch="false"/>
								<line number="8" hits="55" branch="false"/>
								<line number="9" hits="1433" branch="true" condition-coverage="100% (2/2)">
									<conditions>
										<condition number="0" type="jump" coverage="100%"/>
									</conditions>
								</line>
								<line number="10" hits="30316" branch="true" condition-coverage="100% (2/2)">
									<conditions>
										<condition number="0" type="jump" coverage="100%"/>
									</conditions>
								</line>
								<line number="11" hits="28938" branch="false"/>
								<line number="14" hits="55" branch="false"/>
							</lines>
						</method>
					</methods>
					<lines>
						<line number="2" hits="55" branch="false"/>
						<line number="5" hits="55" branch="false"/>
						<line number="6" hits="55" branch="false"/>
						<line number="7" hits="55" branch="false"/>
						<line number="8" hits="55" branch="false"/>
						<line number="9" hits="1433" branch="true" condition-coverage="100% (2/2)">
							<conditions>
								<condition number="0" type="jump" coverage="100%"/>
							</conditions>
						</line>
						<line number="10" hits="30316" branch="true" condition-coverage="100% (2/2)">
							<conditions>
								<condition number="0" type="jump" coverage="100%"/>
							</conditions>
						</line>
						<line number="11" hits="28938" branch="false"/>
						<line number="14" hits="55" branch="false"/>
					</lines>
				</class>
			</classes>
		</package>
	</packages>
</coverage>
